<?xml version="1.0" encoding="UTF-8"?>
<testsuite xmlns:xsi="http://www.w3.org/2001/XMLSchema-instance" xsi:noNamespaceSchemaLocation="https://maven.apache.org/surefire/maven-surefire-plugin/xsd/surefire-test-report-3.0.xsd" version="3.0" name="com.mycompany.exercicijunit_alejandro_lopez.UserValidatorTest" time="0.131" tests="14" errors="0" skipped="0" failures="0">
  <properties>
    <property name="java.specification.version" value="21"/>
    <property name="sun.cpu.isalist" value="amd64"/>
    <property name="sun.jnu.encoding" value="Cp1252"/>
    <property name="java.class.path" value="C:\Users\alexl\Documents\NetBeansProjects\ExerciciJUnit_ALEJANDRO_LOPEZ\target\test-classes;C:\Users\alexl\Documents\NetBeansProjects\ExerciciJUnit_ALEJANDRO_LOPEZ\target\classes;C:\Users\alexl\.m2\repository\org\junit\jupiter\junit-jupiter-api\5.6.0\junit-jupiter-api-5.6.0.jar;C:\Users\alexl\.m2\repository\org\apiguardian\apiguardian-api\1.1.0\apiguardian-api-1.1.0.jar;C:\Users\alexl\.m2\repository\org\opentest4j\opentest4j\1.2.0\opentest4j-1.2.0.jar;C:\Users\alexl\.m2\repository\org\junit\platform\junit-platform-commons\1.6.0\junit-platform-commons-1.6.0.jar;C:\Users\alexl\.m2\repository\org\junit\jupiter\junit-jupiter-params\5.6.0\junit-jupiter-params-5.6.0.jar;C:\Users\alexl\.m2\repository\org\junit\jupiter\junit-jupiter-engine\5.6.0\junit-jupiter-engine-5.6.0.jar;C:\Users\alexl\.m2\repository\org\junit\platform\junit-platform-engine\1.6.0\junit-platform-engine-1.6.0.jar;"/>
    <property name="java.vm.vendor" value="Oracle Corporation"/>
    <property name="sun.arch.data.model" value="64"/>
    <property name="user.variant" value=""/>
    <property name="java.vendor.url" value="https://java.oracle.com/"/>
    <property name="user.timezone" value="Europe/Madrid"/>
    <property name="os.name" value="Windows 11"/>
    <property name="java.vm.specification.version" value="21"/>
    <property name="user.country" value="ES"/>
    <property name="sun.java.launcher" value="SUN_STANDARD"/>
    <property name="sun.boot.library.path" value="C:\Program Files\Java\jdk-21\bin"/>
    <property name="sun.java.command" value="C:\Users\alexl\AppData\Local\Temp\surefire17243065485090755785\surefirebooter-20240419210506062_3.jar C:\Users\alexl\AppData\Local\Temp\surefire17243065485090755785 2024-04-19T21-05-05_814-jvmRun1 surefire-20240419210506062_1tmp surefire_0-20240419210506062_2tmp"/>
    <property name="jdk.debug" value="release"/>
    <property name="test" value="com.mycompany.exercicijunit_alejandro_lopez.UserValidatorTest"/>
    <property name="surefire.test.class.path" value="C:\Users\alexl\Documents\NetBeansProjects\ExerciciJUnit_ALEJANDRO_LOPEZ\target\test-classes;C:\Users\alexl\Documents\NetBeansProjects\ExerciciJUnit_ALEJANDRO_LOPEZ\target\classes;C:\Users\alexl\.m2\repository\org\junit\jupiter\junit-jupiter-api\5.6.0\junit-jupiter-api-5.6.0.jar;C:\Users\alexl\.m2\repository\org\apiguardian\apiguardian-api\1.1.0\apiguardian-api-1.1.0.jar;C:\Users\alexl\.m2\repository\org\opentest4j\opentest4j\1.2.0\opentest4j-1.2.0.jar;C:\Users\alexl\.m2\repository\org\junit\platform\junit-platform-commons\1.6.0\junit-platform-commons-1.6.0.jar;C:\Users\alexl\.m2\repository\org\junit\jupiter\junit-jupiter-params\5.6.0\junit-jupiter-params-5.6.0.jar;C:\Users\alexl\.m2\repository\org\junit\jupiter\junit-jupiter-engine\5.6.0\junit-jupiter-engine-5.6.0.jar;C:\Users\alexl\.m2\repository\org\junit\platform\junit-platform-engine\1.6.0\junit-platform-engine-1.6.0.jar;"/>
    <property name="sun.cpu.endian" value="little"/>
    <property name="user.home" value="C:\Users\alexl"/>
    <property name="user.language" value="es"/>
    <property name="java.specification.vendor" value="Oracle Corporation"/>
    <property name="java.version.date" value="2023-09-19"/>
    <property name="java.home" value="C:\Program Files\Java\jdk-21"/>
    <property name="file.separator" value="\"/>
    <property name="basedir" value="C:\Users\alexl\Documents\NetBeansProjects\ExerciciJUnit_ALEJANDRO_LOPEZ"/>
    <property name="java.vm.compressedOopsMode" value="Zero based"/>
    <property name="line.separator" value="&#10;"/>
    <property name="java.vm.specification.vendor" value="Oracle Corporation"/>
    <property name="java.specification.name" value="Java Platform API Specification"/>
    <property name="surefire.real.class.path" value="C:\Users\alexl\AppData\Local\Temp\surefire17243065485090755785\surefirebooter-20240419210506062_3.jar"/>
    <property name="user.script" value=""/>
    <property name="sun.management.compiler" value="HotSpot 64-Bit Tiered Compilers"/>
    <property name="java.runtime.version" value="21+35-LTS-2513"/>
    <property name="user.name" value="alexl"/>
    <property name="stdout.encoding" value="Cp1252"/>
    <property name="path.separator" value=";"/>
    <property name="os.version" value="10.0"/>
    <property name="java.runtime.name" value="Java(TM) SE Runtime Environment"/>
    <property name="file.encoding" value="UTF-8"/>
    <property name="java.vm.name" value="Java HotSpot(TM) 64-Bit Server VM"/>
    <property name="maven.ext.class.path" value="C:\Program Files\NetBeans-19\netbeans\java\maven-nblib\netbeans-eventspy.jar"/>
    <property name="localRepository" value="C:\Users\alexl\.m2\repository"/>
    <property name="java.vendor.url.bug" value="https://bugreport.java.com/bugreport/"/>
    <property name="java.io.tmpdir" value="C:\Users\alexl\AppData\Local\Temp\"/>
    <property name="java.version" value="21"/>
    <property name="user.dir" value="C:\Users\alexl\Documents\NetBeansProjects\ExerciciJUnit_ALEJANDRO_LOPEZ"/>
    <property name="os.arch" value="amd64"/>
    <property name="java.vm.specification.name" value="Java Virtual Machine Specification"/>
    <property name="sun.os.patch.level" value=""/>
    <property name="native.encoding" value="Cp1252"/>
    <property name="java.library.path" value="C:\Program Files\Java\jdk-21\bin;C:\Windows\Sun\Java\bin;C:\Windows\system32;C:\Windows;C:\Program Files\Common Files\Oracle\Java\javapath;C:\Windows\system32;C:\Windows;C:\Windows\System32\Wbem;C:\Windows\System32\WindowsPowerShell\v1.0\;C:\Windows\System32\OpenSSH\;C:\Program Files\dotnet\;C:\Program Files\Microsoft VS Code\bin;C:\Program Files\Java\jdk-21\bin;C:\Program Files\Git\cmd;C:\Program Files\Docker\Docker\resources\bin;C:\Program Files\nodejs\;C:\Program Files\MySQL\MySQL Shell 8.0\bin\;C:\Users\alexl\AppData\Local\Microsoft\WindowsApps;C:\Users\alexl\.dotnet\tools;C:\Users\alexl\AppData\Roaming\npm;C:\Users\alexl\AppData\Local\gitkraken\bin;."/>
    <property name="java.vm.info" value="mixed mode, sharing"/>
    <property name="stderr.encoding" value="Cp1252"/>
    <property name="java.vendor" value="Oracle Corporation"/>
    <property name="java.vm.version" value="21+35-LTS-2513"/>
    <property name="sun.io.unicode.encoding" value="UnicodeLittle"/>
    <property name="java.class.version" value="65.0"/>
  </properties>
  <testcase name="testValidaDNI1" classname="com.mycompany.exercicijunit_alejandro_lopez.UserValidatorTest" time="0.048">
    <system-out><![CDATA[validaDNI - Cas 1
]]></system-out>
  </testcase>
  <testcase name="testValidaDNI2" classname="com.mycompany.exercicijunit_alejandro_lopez.UserValidatorTest" time="0.003">
    <system-out><![CDATA[validaDNI - Cas 2
]]></system-out>
  </testcase>
  <testcase name="testValidaDNI3" classname="com.mycompany.exercicijunit_alejandro_lopez.UserValidatorTest" time="0.004">
    <system-out><![CDATA[validaDNI - Cas 3
]]></system-out>
  </testcase>
  <testcase name="testValidaDNI4" classname="com.mycompany.exercicijunit_alejandro_lopez.UserValidatorTest" time="0.002">
    <system-out><![CDATA[validaDNI - Cas 4
]]></system-out>
  </testcase>
  <testcase name="testValidaDNI5" classname="com.mycompany.exercicijunit_alejandro_lopez.UserValidatorTest" time="0.002">
    <system-out><![CDATA[validaDNI - Cas 5
]]></system-out>
  </testcase>
  <testcase name="testValidaDNI6" classname="com.mycompany.exercicijunit_alejandro_lopez.UserValidatorTest" time="0.001">
    <system-out><![CDATA[validaDNI - Cas 6
]]></system-out>
  </testcase>
  <testcase name="testValidaNIA1" classname="com.mycompany.exercicijunit_alejandro_lopez.UserValidatorTest" time="0.002">
    <system-out><![CDATA[validaNIA - Cas 1
]]></system-out>
  </testcase>
  <testcase name="testValidaNIA2" classname="com.mycompany.exercicijunit_alejandro_lopez.UserValidatorTest" time="0.003">
    <system-out><![CDATA[validaNIA - Cas 2
]]></system-out>
  </testcase>
  <testcase name="testValidaNIA3" classname="com.mycompany.exercicijunit_alejandro_lopez.UserValidatorTest" time="0.001">
    <system-out><![CDATA[validaNIA - Cas 3
]]></system-out>
  </testcase>
  <testcase name="testValidaNIA4" classname="com.mycompany.exercicijunit_alejandro_lopez.UserValidatorTest" time="0.002">
    <system-out><![CDATA[validaNIA - Cas 4
]]></system-out>
  </testcase>
  <testcase name="testValidaUsuario1" classname="com.mycompany.exercicijunit_alejandro_lopez.UserValidatorTest" time="0.002">
    <system-out><![CDATA[validaUsuario - Cas 1
]]></system-out>
  </testcase>
  <testcase name="testValidaUsuario2" classname="com.mycompany.exercicijunit_alejandro_lopez.UserValidatorTest" time="0.002">
    <system-out><![CDATA[validaUsuario - Cas 2
]]></system-out>
  </testcase>
  <testcase name="testValidaUsuario3" classname="com.mycompany.exercicijunit_alejandro_lopez.UserValidatorTest" time="0.002">
    <system-out><![CDATA[validaUsuario - Cas 3
]]></system-out>
  </testcase>
  <testcase name="testValidaUsuario4" classname="com.mycompany.exercicijunit_alejandro_lopez.UserValidatorTest" time="0.001">
    <system-out><![CDATA[validaUsuario - Cas 4
]]></system-out>
  </testcase>
</testsuite>